Performing C SOURCE FILE Test CMAKE_HAVE_LIBC_PTHREAD failed with the following output:
Change Dir: /home/james5/Audio/AudioLAB/Electric-Frankenstein/build/CMakeFiles/CMakeTmp

Run Build Command(s):/usr/bin/make -f Makefile cmTC_e021e/fast && /usr/bin/make  -f CMakeFiles/cmTC_e021e.dir/build.make CMakeFiles/cmTC_e021e.dir/build
make[1]: Entering directory '/home/james5/Audio/AudioLAB/Electric-Frankenstein/build/CMakeFiles/CMakeTmp'
Building C object CMakeFiles/cmTC_e021e.dir/src.c.o
/usr/bin/cc -DCMAKE_HAVE_LIBC_PTHREAD  -fPIC -march=native -mavx2 -mfma -O2  -o CMakeFiles/cmTC_e021e.dir/src.c.o -c /home/james5/Audio/AudioLAB/Electric-Frankenstein/build/CMakeFiles/CMakeTmp/src.c
Linking C executable cmTC_e021e
/usr/local/bin/cmake -E cmake_link_script CMakeFiles/cmTC_e021e.dir/link.txt --verbose=1
/usr/bin/cc -fPIC -march=native -mavx2 -mfma -O2  -rdynamic CMakeFiles/cmTC_e021e.dir/src.c.o -o cmTC_e021e 
/usr/bin/ld: CMakeFiles/cmTC_e021e.dir/src.c.o: in function `main':
src.c:(.text.startup+0x27): undefined reference to `pthread_create'
/usr/bin/ld: src.c:(.text.startup+0x30): undefined reference to `pthread_detach'
/usr/bin/ld: src.c:(.text.startup+0x39): undefined reference to `pthread_cancel'
/usr/bin/ld: src.c:(.text.startup+0x44): undefined reference to `pthread_join'
collect2: error: ld returned 1 exit status
make[1]: *** [CMakeFiles/cmTC_e021e.dir/build.make:99: cmTC_e021e] Error 1
make[1]: Leaving directory '/home/james5/Audio/AudioLAB/Electric-Frankenstein/build/CMakeFiles/CMakeTmp'
make: *** [Makefile:127: cmTC_e021e/fast] Error 2


Source file was:
#include <pthread.h>

static void* test_func(void* data)
{
  return data;
}

int main(void)
{
  pthread_t thread;
  pthread_create(&thread, NULL, test_func, NULL);
  pthread_detach(thread);
  pthread_cancel(thread);
  pthread_join(thread, NULL);
  pthread_atfork(NULL, NULL, NULL);
  pthread_exit(NULL);

  return 0;
}

Determining if the function pthread_create exists in the pthreads failed with the following output:
Change Dir: /home/james5/Audio/AudioLAB/Electric-Frankenstein/build/CMakeFiles/CMakeTmp

Run Build Command(s):/usr/bin/make -f Makefile cmTC_bdef4/fast && /usr/bin/make  -f CMakeFiles/cmTC_bdef4.dir/build.make CMakeFiles/cmTC_bdef4.dir/build
make[1]: Entering directory '/home/james5/Audio/AudioLAB/Electric-Frankenstein/build/CMakeFiles/CMakeTmp'
Building C object CMakeFiles/cmTC_bdef4.dir/CheckFunctionExists.c.o
/usr/bin/cc   -fPIC -march=native -mavx2 -mfma -O2 -DCHECK_FUNCTION_EXISTS=pthread_create -o CMakeFiles/cmTC_bdef4.dir/CheckFunctionExists.c.o -c /usr/local/share/cmake-3.23/Modules/CheckFunctionExists.c
Linking C executable cmTC_bdef4
/usr/local/bin/cmake -E cmake_link_script CMakeFiles/cmTC_bdef4.dir/link.txt --verbose=1
/usr/bin/cc -fPIC -march=native -mavx2 -mfma -O2 -DCHECK_FUNCTION_EXISTS=pthread_create -rdynamic CMakeFiles/cmTC_bdef4.dir/CheckFunctionExists.c.o -o cmTC_bdef4  -lpthreads 
/usr/bin/ld: cannot find -lpthreads
collect2: error: ld returned 1 exit status
make[1]: *** [CMakeFiles/cmTC_bdef4.dir/build.make:99: cmTC_bdef4] Error 1
make[1]: Leaving directory '/home/james5/Audio/AudioLAB/Electric-Frankenstein/build/CMakeFiles/CMakeTmp'
make: *** [Makefile:127: cmTC_bdef4/fast] Error 2



